-------------------------------------------------------------------------------
Test set: com.example.mi_aplicacion_2.HolaMundoControllerTest
-------------------------------------------------------------------------------
Tests run: 4, Failures: 1, Errors: 0, Skipped: 0, Time elapsed: 1.012 s <<< FAILURE! -- in com.example.mi_aplicacion_2.HolaMundoControllerTest
com.example.mi_aplicacion_2.HolaMundoControllerTest.testHola3 -- Time elapsed: 0.013 s <<< FAILURE!
org.opentest4j.AssertionFailedError: expected: <Hola Mundo> but was: <Hola Mundos>
	at org.junit.jupiter.api.AssertionFailureBuilder.build(AssertionFailureBuilder.java:151)
	at org.junit.jupiter.api.AssertionFailureBuilder.buildAndThrow(AssertionFailureBuilder.java:132)
	at org.junit.jupiter.api.AssertEquals.failNotEqual(AssertEquals.java:197)
	at org.junit.jupiter.api.AssertEquals.assertEquals(AssertEquals.java:182)
	at org.junit.jupiter.api.AssertEquals.assertEquals(AssertEquals.java:177)
	at org.junit.jupiter.api.Assertions.assertEquals(Assertions.java:1145)
	at com.example.mi_aplicacion_2.HolaMundoControllerTest.testHola3(HolaMundoControllerTest.java:37)
	at java.base/java.lang.reflect.Method.invoke(Method.java:569)
	at java.base/java.util.ArrayList.forEach(ArrayList.java:1511)
	at java.base/java.util.ArrayList.forEach(ArrayList.java:1511)

